{"total": {"lines":{"total":138,"covered":129,"skipped":0,"pct":93.47},"statements":{"total":142,"covered":133,"skipped":0,"pct":93.66},"functions":{"total":18,"covered":16,"skipped":0,"pct":88.88},"branches":{"total":29,"covered":24,"skipped":0,"pct":82.75},"branchesTrue":{"total":0,"covered":0,"skipped":0,"pct":100}}
,"/Users/mac/WebstormProjects/plagiarism-detector/src/api/server.js": {"lines":{"total":19,"covered":17,"skipped":0,"pct":89.47},"functions":{"total":2,"covered":1,"skipped":0,"pct":50},"statements":{"total":19,"covered":17,"skipped":0,"pct":89.47},"branches":{"total":2,"covered":1,"skipped":0,"pct":50}}
,"/Users/mac/WebstormProjects/plagiarism-detector/src/api/middleware/rateLimiter.js": {"lines":{"total":3,"covered":3,"skipped":0,"pct":100},"functions":{"total":0,"covered":0,"skipped":0,"pct":100},"statements":{"total":3,"covered":3,"skipped":0,"pct":100},"branches":{"total":0,"covered":0,"skipped":0,"pct":100}}
,"/Users/mac/WebstormProjects/plagiarism-detector/src/api/routes/plagiarismRoutes.js": {"lines":{"total":34,"covered":30,"skipped":0,"pct":88.23},"functions":{"total":4,"covered":4,"skipped":0,"pct":100},"statements":{"total":34,"covered":30,"skipped":0,"pct":88.23},"branches":{"total":9,"covered":8,"skipped":0,"pct":88.88}}
,"/Users/mac/WebstormProjects/plagiarism-detector/src/config/constants.js": {"lines":{"total":1,"covered":1,"skipped":0,"pct":100},"functions":{"total":0,"covered":0,"skipped":0,"pct":100},"statements":{"total":1,"covered":1,"skipped":0,"pct":100},"branches":{"total":0,"covered":0,"skipped":0,"pct":100}}
,"/Users/mac/WebstormProjects/plagiarism-detector/src/config/index.js": {"lines":{"total":2,"covered":2,"skipped":0,"pct":100},"functions":{"total":0,"covered":0,"skipped":0,"pct":100},"statements":{"total":2,"covered":2,"skipped":0,"pct":100},"branches":{"total":4,"covered":2,"skipped":0,"pct":50}}
,"/Users/mac/WebstormProjects/plagiarism-detector/src/controller/plagiarismController.js": {"lines":{"total":27,"covered":27,"skipped":0,"pct":100},"functions":{"total":3,"covered":3,"skipped":0,"pct":100},"statements":{"total":27,"covered":27,"skipped":0,"pct":100},"branches":{"total":6,"covered":5,"skipped":0,"pct":83.33}}
,"/Users/mac/WebstormProjects/plagiarism-detector/src/models/PlagiarismReport.js": {"lines":{"total":6,"covered":5,"skipped":0,"pct":83.33},"functions":{"total":2,"covered":1,"skipped":0,"pct":50},"statements":{"total":6,"covered":5,"skipped":0,"pct":83.33},"branches":{"total":0,"covered":0,"skipped":0,"pct":100}}
,"/Users/mac/WebstormProjects/plagiarism-detector/src/services/searchService.js": {"lines":{"total":14,"covered":14,"skipped":0,"pct":100},"functions":{"total":2,"covered":2,"skipped":0,"pct":100},"statements":{"total":14,"covered":14,"skipped":0,"pct":100},"branches":{"total":0,"covered":0,"skipped":0,"pct":100}}
,"/Users/mac/WebstormProjects/plagiarism-detector/src/services/textService.js": {"lines":{"total":30,"covered":28,"skipped":0,"pct":93.33},"functions":{"total":4,"covered":4,"skipped":0,"pct":100},"statements":{"total":34,"covered":32,"skipped":0,"pct":94.11},"branches":{"total":8,"covered":8,"skipped":0,"pct":100}}
,"/Users/mac/WebstormProjects/plagiarism-detector/src/utils/textNormalizer.js": {"lines":{"total":2,"covered":2,"skipped":0,"pct":100},"functions":{"total":1,"covered":1,"skipped":0,"pct":100},"statements":{"total":2,"covered":2,"skipped":0,"pct":100},"branches":{"total":0,"covered":0,"skipped":0,"pct":100}}
}
