{"/Users/mac/WebstormProjects/plagiarism-detector/src/api/server.js": {"path":"/Users/mac/WebstormProjects/plagiarism-detector/src/api/server.js","statementMap":{"0":{"start":{"line":1,"column":16},"end":{"line":1,"column":34}},"1":{"start":{"line":2,"column":13},"end":{"line":2,"column":28}},"2":{"start":{"line":3,"column":15},"end":{"line":3,"column":32}},"3":{"start":{"line":4,"column":25},"end":{"line":4,"column":61}},"4":{"start":{"line":5,"column":20},"end":{"line":5,"column":55}},"5":{"start":{"line":6,"column":15},"end":{"line":6,"column":41}},"6":{"start":{"line":8,"column":12},"end":{"line":8,"column":21}},"7":{"start":{"line":11,"column":0},"end":{"line":11,"column":18}},"8":{"start":{"line":12,"column":0},"end":{"line":12,"column":16}},"9":{"start":{"line":13,"column":0},"end":{"line":13,"column":40}},"10":{"start":{"line":14,"column":0},"end":{"line":14,"column":21}},"11":{"start":{"line":17,"column":0},"end":{"line":17,"column":45}},"12":{"start":{"line":20,"column":0},"end":{"line":25,"column":3}},"13":{"start":{"line":21,"column":4},"end":{"line":21,"column":76}},"14":{"start":{"line":22,"column":4},"end":{"line":24,"column":7}},"15":{"start":{"line":27,"column":13},"end":{"line":27,"column":37}},"16":{"start":{"line":29,"column":0},"end":{"line":31,"column":3}},"17":{"start":{"line":30,"column":4},"end":{"line":30,"column":50}},"18":{"start":{"line":33,"column":0},"end":{"line":33,"column":21}}},"fnMap":{"0":{"name":"(anonymous_0)","decl":{"start":{"line":20,"column":8},"end":{"line":20,"column":9}},"loc":{"start":{"line":20,"column":33},"end":{"line":25,"column":1}},"line":20},"1":{"name":"(anonymous_1)","decl":{"start":{"line":29,"column":17},"end":{"line":29,"column":18}},"loc":{"start":{"line":29,"column":23},"end":{"line":31,"column":1}},"line":29}},"branchMap":{"0":{"loc":{"start":{"line":27,"column":13},"end":{"line":27,"column":37}},"type":"binary-expr","locations":[{"start":{"line":27,"column":13},"end":{"line":27,"column":29}},{"start":{"line":27,"column":33},"end":{"line":27,"column":37}}],"line":27}},"s":{"0":1,"1":1,"2":1,"3":1,"4":1,"5":1,"6":1,"7":1,"8":1,"9":1,"10":1,"11":1,"12":1,"13":0,"14":0,"15":1,"16":1,"17":1,"18":1},"f":{"0":0,"1":1},"b":{"0":[1,0]},"_coverageSchema":"1a1c01bbd47fc00a2c39e90264f33305004495a9","hash":"dd2214d121242d5a63e79ecbc295e946618a73a4"}
,"/Users/mac/WebstormProjects/plagiarism-detector/src/api/middleware/rateLimiter.js": {"path":"/Users/mac/WebstormProjects/plagiarism-detector/src/api/middleware/rateLimiter.js","statementMap":{"0":{"start":{"line":1,"column":18},"end":{"line":1,"column":47}},"1":{"start":{"line":3,"column":16},"end":{"line":7,"column":2}},"2":{"start":{"line":9,"column":0},"end":{"line":9,"column":25}}},"fnMap":{},"branchMap":{},"s":{"0":1,"1":1,"2":1},"f":{},"b":{},"_coverageSchema":"1a1c01bbd47fc00a2c39e90264f33305004495a9","hash":"3b51b3727d1e4e778971450ca5ca6fc936c2864f"}
,"/Users/mac/WebstormProjects/plagiarism-detector/src/api/routes/plagiarismRoutes.js": {"path":"/Users/mac/WebstormProjects/plagiarism-detector/src/api/routes/plagiarismRoutes.js","statementMap":{"0":{"start":{"line":1,"column":16},"end":{"line":1,"column":34}},"1":{"start":{"line":2,"column":15},"end":{"line":2,"column":31}},"2":{"start":{"line":3,"column":29},"end":{"line":3,"column":77}},"3":{"start":{"line":4,"column":15},"end":{"line":4,"column":44}},"4":{"start":{"line":6,"column":19},"end":{"line":6,"column":45}},"5":{"start":{"line":8,"column":0},"end":{"line":26,"column":3}},"6":{"start":{"line":9,"column":4},"end":{"line":25,"column":5}},"7":{"start":{"line":10,"column":25},"end":{"line":10,"column":33}},"8":{"start":{"line":12,"column":8},"end":{"line":16,"column":9}},"9":{"start":{"line":13,"column":12},"end":{"line":15,"column":15}},"10":{"start":{"line":18,"column":23},"end":{"line":18,"column":62}},"11":{"start":{"line":19,"column":8},"end":{"line":19,"column":25}},"12":{"start":{"line":21,"column":8},"end":{"line":21,"column":81}},"13":{"start":{"line":22,"column":8},"end":{"line":24,"column":11}},"14":{"start":{"line":28,"column":0},"end":{"line":46,"column":3}},"15":{"start":{"line":29,"column":4},"end":{"line":45,"column":5}},"16":{"start":{"line":30,"column":30},"end":{"line":30,"column":38}},"17":{"start":{"line":32,"column":8},"end":{"line":36,"column":9}},"18":{"start":{"line":33,"column":12},"end":{"line":35,"column":15}},"19":{"start":{"line":38,"column":8},"end":{"line":38,"column":53}},"20":{"start":{"line":39,"column":8},"end":{"line":39,"column":75}},"21":{"start":{"line":41,"column":8},"end":{"line":41,"column":81}},"22":{"start":{"line":42,"column":8},"end":{"line":44,"column":11}},"23":{"start":{"line":48,"column":0},"end":{"line":69,"column":3}},"24":{"start":{"line":49,"column":4},"end":{"line":68,"column":5}},"25":{"start":{"line":50,"column":26},"end":{"line":50,"column":34}},"26":{"start":{"line":52,"column":8},"end":{"line":56,"column":9}},"27":{"start":{"line":53,"column":12},"end":{"line":55,"column":15}},"28":{"start":{"line":58,"column":24},"end":{"line":60,"column":9}},"29":{"start":{"line":59,"column":30},"end":{"line":59,"column":63}},"30":{"start":{"line":62,"column":8},"end":{"line":62,"column":26}},"31":{"start":{"line":64,"column":8},"end":{"line":64,"column":81}},"32":{"start":{"line":65,"column":8},"end":{"line":67,"column":11}},"33":{"start":{"line":71,"column":0},"end":{"line":71,"column":24}}},"fnMap":{"0":{"name":"(anonymous_0)","decl":{"start":{"line":8,"column":22},"end":{"line":8,"column":23}},"loc":{"start":{"line":8,"column":42},"end":{"line":26,"column":1}},"line":8},"1":{"name":"(anonymous_1)","decl":{"start":{"line":28,"column":26},"end":{"line":28,"column":27}},"loc":{"start":{"line":28,"column":40},"end":{"line":46,"column":1}},"line":28},"2":{"name":"(anonymous_2)","decl":{"start":{"line":48,"column":27},"end":{"line":48,"column":28}},"loc":{"start":{"line":48,"column":47},"end":{"line":69,"column":1}},"line":48},"3":{"name":"(anonymous_3)","decl":{"start":{"line":59,"column":22},"end":{"line":59,"column":23}},"loc":{"start":{"line":59,"column":30},"end":{"line":59,"column":63}},"line":59}},"branchMap":{"0":{"loc":{"start":{"line":12,"column":8},"end":{"line":16,"column":9}},"type":"if","locations":[{"start":{"line":12,"column":8},"end":{"line":16,"column":9}},{"start":{},"end":{}}],"line":12},"1":{"loc":{"start":{"line":32,"column":8},"end":{"line":36,"column":9}},"type":"if","locations":[{"start":{"line":32,"column":8},"end":{"line":36,"column":9}},{"start":{},"end":{}}],"line":32},"2":{"loc":{"start":{"line":32,"column":12},"end":{"line":32,"column":71}},"type":"binary-expr","locations":[{"start":{"line":32,"column":12},"end":{"line":32,"column":35}},{"start":{"line":32,"column":39},"end":{"line":32,"column":52}},{"start":{"line":32,"column":56},"end":{"line":32,"column":71}}],"line":32},"3":{"loc":{"start":{"line":52,"column":8},"end":{"line":56,"column":9}},"type":"if","locations":[{"start":{"line":52,"column":8},"end":{"line":56,"column":9}},{"start":{},"end":{}}],"line":52}},"s":{"0":1,"1":1,"2":1,"3":1,"4":1,"5":1,"6":4,"7":4,"8":4,"9":2,"10":2,"11":0,"12":2,"13":2,"14":1,"15":2,"16":2,"17":2,"18":1,"19":1,"20":1,"21":0,"22":0,"23":1,"24":2,"25":2,"26":2,"27":0,"28":2,"29":2,"30":1,"31":1,"32":1,"33":1},"f":{"0":4,"1":2,"2":2,"3":2},"b":{"0":[2,2],"1":[1,1],"2":[2,2,2],"3":[0,2]},"_coverageSchema":"1a1c01bbd47fc00a2c39e90264f33305004495a9","hash":"631eee263cfd4083ed89d9e9483b7c81fe6a2975"}
,"/Users/mac/WebstormProjects/plagiarism-detector/src/config/constants.js": {"path":"/Users/mac/WebstormProjects/plagiarism-detector/src/config/constants.js","statementMap":{"0":{"start":{"line":1,"column":0},"end":{"line":5,"column":2}}},"fnMap":{},"branchMap":{},"s":{"0":6},"f":{},"b":{},"_coverageSchema":"1a1c01bbd47fc00a2c39e90264f33305004495a9","hash":"d9b697dc7f18d9df4dd9f0c2c5dff199ac046d73"}
,"/Users/mac/WebstormProjects/plagiarism-detector/src/config/index.js": {"path":"/Users/mac/WebstormProjects/plagiarism-detector/src/config/index.js","statementMap":{"0":{"start":{"line":1,"column":0},"end":{"line":1,"column":27}},"1":{"start":{"line":3,"column":0},"end":{"line":7,"column":2}}},"fnMap":{},"branchMap":{"0":{"loc":{"start":{"line":5,"column":25},"end":{"line":5,"column":73}},"type":"binary-expr","locations":[{"start":{"line":5,"column":25},"end":{"line":5,"column":67}},{"start":{"line":5,"column":71},"end":{"line":5,"column":73}}],"line":5},"1":{"loc":{"start":{"line":6,"column":14},"end":{"line":6,"column":45}},"type":"binary-expr","locations":[{"start":{"line":6,"column":14},"end":{"line":6,"column":35}},{"start":{"line":6,"column":39},"end":{"line":6,"column":45}}],"line":6}},"s":{"0":5,"1":5},"f":{},"b":{"0":[5,0],"1":[5,0]},"_coverageSchema":"1a1c01bbd47fc00a2c39e90264f33305004495a9","hash":"4d24cae9f392a5d0927cd59b7e310da413954732"}
,"/Users/mac/WebstormProjects/plagiarism-detector/src/controller/plagiarismController.js": {"path":"/Users/mac/WebstormProjects/plagiarism-detector/src/controller/plagiarismController.js","statementMap":{"0":{"start":{"line":1,"column":22},"end":{"line":1,"column":58}},"1":{"start":{"line":2,"column":20},"end":{"line":2,"column":54}},"2":{"start":{"line":3,"column":25},"end":{"line":3,"column":62}},"3":{"start":{"line":4,"column":15},"end":{"line":4,"column":35}},"4":{"start":{"line":5,"column":15},"end":{"line":5,"column":41}},"5":{"start":{"line":9,"column":8},"end":{"line":9,"column":49}},"6":{"start":{"line":10,"column":8},"end":{"line":10,"column":45}},"7":{"start":{"line":11,"column":8},"end":{"line":11,"column":62}},"8":{"start":{"line":15,"column":8},"end":{"line":57,"column":9}},"9":{"start":{"line":17,"column":12},"end":{"line":17,"column":48}},"10":{"start":{"line":18,"column":12},"end":{"line":18,"column":86}},"11":{"start":{"line":21,"column":34},"end":{"line":21,"column":74}},"12":{"start":{"line":22,"column":28},"end":{"line":22,"column":30}},"13":{"start":{"line":25,"column":12},"end":{"line":39,"column":13}},"14":{"start":{"line":26,"column":35},"end":{"line":29,"column":17}},"15":{"start":{"line":31,"column":16},"end":{"line":38,"column":17}},"16":{"start":{"line":32,"column":20},"end":{"line":37,"column":23}},"17":{"start":{"line":42,"column":27},"end":{"line":42,"column":62}},"18":{"start":{"line":44,"column":12},"end":{"line":47,"column":15}},"19":{"start":{"line":49,"column":12},"end":{"line":49,"column":26}},"20":{"start":{"line":52,"column":12},"end":{"line":55,"column":15}},"21":{"start":{"line":56,"column":12},"end":{"line":56,"column":24}},"22":{"start":{"line":61,"column":8},"end":{"line":63,"column":9}},"23":{"start":{"line":62,"column":12},"end":{"line":62,"column":67}},"24":{"start":{"line":64,"column":8},"end":{"line":64,"column":45}},"25":{"start":{"line":65,"column":8},"end":{"line":65,"column":81}},"26":{"start":{"line":69,"column":0},"end":{"line":69,"column":38}}},"fnMap":{"0":{"name":"(anonymous_0)","decl":{"start":{"line":8,"column":4},"end":{"line":8,"column":5}},"loc":{"start":{"line":8,"column":18},"end":{"line":12,"column":5}},"line":8},"1":{"name":"(anonymous_1)","decl":{"start":{"line":14,"column":4},"end":{"line":14,"column":5}},"loc":{"start":{"line":14,"column":33},"end":{"line":58,"column":5}},"line":14},"2":{"name":"(anonymous_2)","decl":{"start":{"line":60,"column":4},"end":{"line":60,"column":5}},"loc":{"start":{"line":60,"column":38},"end":{"line":66,"column":5}},"line":60}},"branchMap":{"0":{"loc":{"start":{"line":31,"column":16},"end":{"line":38,"column":17}},"type":"if","locations":[{"start":{"line":31,"column":16},"end":{"line":38,"column":17}},{"start":{},"end":{}}],"line":31},"1":{"loc":{"start":{"line":61,"column":8},"end":{"line":63,"column":9}},"type":"if","locations":[{"start":{"line":61,"column":8},"end":{"line":63,"column":9}},{"start":{},"end":{}}],"line":61},"2":{"loc":{"start":{"line":61,"column":12},"end":{"line":61,"column":44}},"type":"binary-expr","locations":[{"start":{"line":61,"column":12},"end":{"line":61,"column":25}},{"start":{"line":61,"column":29},"end":{"line":61,"column":44}}],"line":61}},"s":{"0":3,"1":3,"2":3,"3":3,"4":3,"5":7,"6":7,"7":7,"8":17,"9":17,"10":3,"11":3,"12":1,"13":1,"14":1,"15":1,"16":1,"17":1,"18":1,"19":1,"20":15,"21":15,"22":4,"23":2,"24":2,"25":2,"26":3},"f":{"0":7,"1":17,"2":4},"b":{"0":[1,0],"1":[2,2],"2":[4,3]},"_coverageSchema":"1a1c01bbd47fc00a2c39e90264f33305004495a9","hash":"e46d701b70932f68ab3ab81c604ef8fb26e0b07a"}
,"/Users/mac/WebstormProjects/plagiarism-detector/src/models/PlagiarismReport.js": {"path":"/Users/mac/WebstormProjects/plagiarism-detector/src/models/PlagiarismReport.js","statementMap":{"0":{"start":{"line":3,"column":8},"end":{"line":3,"column":41}},"1":{"start":{"line":4,"column":8},"end":{"line":4,"column":31}},"2":{"start":{"line":5,"column":8},"end":{"line":5,"column":43}},"3":{"start":{"line":6,"column":8},"end":{"line":6,"column":36}},"4":{"start":{"line":10,"column":8},"end":{"line":15,"column":10}},"5":{"start":{"line":19,"column":0},"end":{"line":19,"column":34}}},"fnMap":{"0":{"name":"(anonymous_0)","decl":{"start":{"line":2,"column":4},"end":{"line":2,"column":5}},"loc":{"start":{"line":2,"column":39},"end":{"line":7,"column":5}},"line":2},"1":{"name":"(anonymous_1)","decl":{"start":{"line":9,"column":4},"end":{"line":9,"column":5}},"loc":{"start":{"line":9,"column":13},"end":{"line":16,"column":5}},"line":9}},"branchMap":{},"s":{"0":1,"1":1,"2":1,"3":1,"4":0,"5":3},"f":{"0":1,"1":0},"b":{},"_coverageSchema":"1a1c01bbd47fc00a2c39e90264f33305004495a9","hash":"212531d3fab34512c38671cc04859683cf165298"}
,"/Users/mac/WebstormProjects/plagiarism-detector/src/services/searchService.js": {"path":"/Users/mac/WebstormProjects/plagiarism-detector/src/services/searchService.js","statementMap":{"0":{"start":{"line":1,"column":14},"end":{"line":1,"column":30}},"1":{"start":{"line":2,"column":15},"end":{"line":2,"column":35}},"2":{"start":{"line":3,"column":18},"end":{"line":3,"column":48}},"3":{"start":{"line":4,"column":15},"end":{"line":4,"column":41}},"4":{"start":{"line":8,"column":8},"end":{"line":8,"column":36}},"5":{"start":{"line":9,"column":8},"end":{"line":9,"column":46}},"6":{"start":{"line":13,"column":8},"end":{"line":40,"column":9}},"7":{"start":{"line":14,"column":12},"end":{"line":14,"column":78}},"8":{"start":{"line":16,"column":29},"end":{"line":27,"column":14}},"9":{"start":{"line":29,"column":12},"end":{"line":31,"column":15}},"10":{"start":{"line":33,"column":12},"end":{"line":33,"column":39}},"11":{"start":{"line":35,"column":12},"end":{"line":38,"column":15}},"12":{"start":{"line":39,"column":12},"end":{"line":39,"column":70}},"13":{"start":{"line":44,"column":0},"end":{"line":44,"column":31}}},"fnMap":{"0":{"name":"(anonymous_0)","decl":{"start":{"line":7,"column":4},"end":{"line":7,"column":5}},"loc":{"start":{"line":7,"column":18},"end":{"line":10,"column":5}},"line":7},"1":{"name":"(anonymous_1)","decl":{"start":{"line":12,"column":4},"end":{"line":12,"column":5}},"loc":{"start":{"line":12,"column":26},"end":{"line":41,"column":5}},"line":12}},"branchMap":{},"s":{"0":4,"1":4,"2":4,"3":4,"4":5,"5":5,"6":4,"7":4,"8":4,"9":1,"10":1,"11":2,"12":2,"13":4},"f":{"0":5,"1":4},"b":{},"_coverageSchema":"1a1c01bbd47fc00a2c39e90264f33305004495a9","hash":"2ac8d43136811d3c8ea1097e5afe7a1a4e9714c6"}
,"/Users/mac/WebstormProjects/plagiarism-detector/src/services/textService.js": {"path":"/Users/mac/WebstormProjects/plagiarism-detector/src/services/textService.js","statementMap":{"0":{"start":{"line":1,"column":23},"end":{"line":1,"column":57}},"1":{"start":{"line":2,"column":15},"end":{"line":2,"column":41}},"2":{"start":{"line":3,"column":26},"end":{"line":3,"column":56}},"3":{"start":{"line":7,"column":8},"end":{"line":7,"column":41}},"4":{"start":{"line":11,"column":8},"end":{"line":58,"column":9}},"5":{"start":{"line":13,"column":35},"end":{"line":13,"column":66}},"6":{"start":{"line":14,"column":35},"end":{"line":14,"column":66}},"7":{"start":{"line":17,"column":27},"end":{"line":18,"column":68}},"8":{"start":{"line":18,"column":27},"end":{"line":18,"column":67}},"9":{"start":{"line":21,"column":12},"end":{"line":23,"column":13}},"10":{"start":{"line":21,"column":25},"end":{"line":21,"column":26}},"11":{"start":{"line":22,"column":16},"end":{"line":22,"column":33}},"12":{"start":{"line":24,"column":12},"end":{"line":26,"column":13}},"13":{"start":{"line":24,"column":25},"end":{"line":24,"column":26}},"14":{"start":{"line":25,"column":16},"end":{"line":25,"column":33}},"15":{"start":{"line":29,"column":12},"end":{"line":38,"column":13}},"16":{"start":{"line":29,"column":25},"end":{"line":29,"column":26}},"17":{"start":{"line":30,"column":16},"end":{"line":37,"column":17}},"18":{"start":{"line":30,"column":29},"end":{"line":30,"column":30}},"19":{"start":{"line":31,"column":45},"end":{"line":31,"column":100}},"20":{"start":{"line":32,"column":20},"end":{"line":36,"column":22}},"21":{"start":{"line":41,"column":29},"end":{"line":41,"column":81}},"22":{"start":{"line":42,"column":30},"end":{"line":42,"column":84}},"23":{"start":{"line":43,"column":31},"end":{"line":43,"column":73}},"24":{"start":{"line":45,"column":12},"end":{"line":49,"column":15}},"25":{"start":{"line":51,"column":12},"end":{"line":51,"column":30}},"26":{"start":{"line":53,"column":12},"end":{"line":56,"column":15}},"27":{"start":{"line":57,"column":12},"end":{"line":57,"column":68}},"28":{"start":{"line":62,"column":8},"end":{"line":64,"column":9}},"29":{"start":{"line":63,"column":12},"end":{"line":63,"column":78}},"30":{"start":{"line":66,"column":8},"end":{"line":68,"column":9}},"31":{"start":{"line":67,"column":12},"end":{"line":67,"column":88}},"32":{"start":{"line":70,"column":8},"end":{"line":70,"column":20}},"33":{"start":{"line":74,"column":0},"end":{"line":74,"column":29}}},"fnMap":{"0":{"name":"(anonymous_0)","decl":{"start":{"line":6,"column":4},"end":{"line":6,"column":5}},"loc":{"start":{"line":6,"column":18},"end":{"line":8,"column":5}},"line":6},"1":{"name":"(anonymous_1)","decl":{"start":{"line":10,"column":4},"end":{"line":10,"column":5}},"loc":{"start":{"line":10,"column":36},"end":{"line":59,"column":5}},"line":10},"2":{"name":"(anonymous_2)","decl":{"start":{"line":18,"column":21},"end":{"line":18,"column":22}},"loc":{"start":{"line":18,"column":27},"end":{"line":18,"column":67}},"line":18},"3":{"name":"(anonymous_3)","decl":{"start":{"line":61,"column":4},"end":{"line":61,"column":5}},"loc":{"start":{"line":61,"column":23},"end":{"line":71,"column":5}},"line":61}},"branchMap":{"0":{"loc":{"start":{"line":31,"column":45},"end":{"line":31,"column":100}},"type":"cond-expr","locations":[{"start":{"line":31,"column":95},"end":{"line":31,"column":96}},{"start":{"line":31,"column":99},"end":{"line":31,"column":100}}],"line":31},"1":{"loc":{"start":{"line":62,"column":8},"end":{"line":64,"column":9}},"type":"if","locations":[{"start":{"line":62,"column":8},"end":{"line":64,"column":9}},{"start":{},"end":{}}],"line":62},"2":{"loc":{"start":{"line":62,"column":12},"end":{"line":62,"column":45}},"type":"binary-expr","locations":[{"start":{"line":62,"column":12},"end":{"line":62,"column":17}},{"start":{"line":62,"column":21},"end":{"line":62,"column":45}}],"line":62},"3":{"loc":{"start":{"line":66,"column":8},"end":{"line":68,"column":9}},"type":"if","locations":[{"start":{"line":66,"column":8},"end":{"line":68,"column":9}},{"start":{},"end":{}}],"line":66}},"s":{"0":4,"1":4,"2":4,"3":12,"4":6,"5":6,"6":6,"7":6,"8":122,"9":6,"10":6,"11":105,"12":6,"13":6,"14":122,"15":6,"16":6,"17":116,"18":116,"19":2069,"20":2069,"21":6,"22":6,"23":6,"24":6,"25":6,"26":0,"27":0,"28":18,"29":1,"30":17,"31":14,"32":3,"33":4},"f":{"0":12,"1":6,"2":122,"3":18},"b":{"0":[257,1812],"1":[1,17],"2":[18,17],"3":[14,3]},"_coverageSchema":"1a1c01bbd47fc00a2c39e90264f33305004495a9","hash":"1b620fa3f02a1fdf90678f58e6d7bd9dc4c2bef0"}
,"/Users/mac/WebstormProjects/plagiarism-detector/src/utils/textNormalizer.js": {"path":"/Users/mac/WebstormProjects/plagiarism-detector/src/utils/textNormalizer.js","statementMap":{"0":{"start":{"line":3,"column":8},"end":{"line":7,"column":20}},"1":{"start":{"line":11,"column":0},"end":{"line":11,"column":32}}},"fnMap":{"0":{"name":"(anonymous_0)","decl":{"start":{"line":2,"column":4},"end":{"line":2,"column":5}},"loc":{"start":{"line":2,"column":27},"end":{"line":8,"column":5}},"line":2}},"branchMap":{},"s":{"0":12,"1":4},"f":{"0":12},"b":{},"_coverageSchema":"1a1c01bbd47fc00a2c39e90264f33305004495a9","hash":"99ed9d4fbacddeb4c5eb851aae5d9de29070538f"}
}
