TN:
SF:src/api/server.js
FN:20,(anonymous_0)
FN:29,(anonymous_1)
FNF:2
FNH:1
FNDA:0,(anonymous_0)
FNDA:1,(anonymous_1)
DA:1,1
DA:2,1
DA:3,1
DA:4,1
DA:5,1
DA:6,1
DA:8,1
DA:11,1
DA:12,1
DA:13,1
DA:14,1
DA:17,1
DA:20,1
DA:21,0
DA:22,0
DA:27,1
DA:29,1
DA:30,1
DA:33,1
LF:19
LH:17
BRDA:27,0,0,1
BRDA:27,0,1,0
BRF:2
BRH:1
end_of_record
TN:
SF:src/api/middleware/rateLimiter.js
FNF:0
FNH:0
DA:1,1
DA:3,1
DA:9,1
LF:3
LH:3
BRF:0
BRH:0
end_of_record
TN:
SF:src/api/routes/plagiarismRoutes.js
FN:8,(anonymous_0)
FN:28,(anonymous_1)
FN:48,(anonymous_2)
FN:59,(anonymous_3)
FNF:4
FNH:4
FNDA:4,(anonymous_0)
FNDA:2,(anonymous_1)
FNDA:2,(anonymous_2)
FNDA:2,(anonymous_3)
DA:1,1
DA:2,1
DA:3,1
DA:4,1
DA:6,1
DA:8,1
DA:9,4
DA:10,4
DA:12,4
DA:13,2
DA:18,2
DA:19,0
DA:21,2
DA:22,2
DA:28,1
DA:29,2
DA:30,2
DA:32,2
DA:33,1
DA:38,1
DA:39,1
DA:41,0
DA:42,0
DA:48,1
DA:49,2
DA:50,2
DA:52,2
DA:53,0
DA:58,2
DA:59,2
DA:62,1
DA:64,1
DA:65,1
DA:71,1
LF:34
LH:30
BRDA:12,0,0,2
BRDA:12,0,1,2
BRDA:32,1,0,1
BRDA:32,1,1,1
BRDA:32,2,0,2
BRDA:32,2,1,2
BRDA:32,2,2,2
BRDA:52,3,0,0
BRDA:52,3,1,2
BRF:9
BRH:8
end_of_record
TN:
SF:src/config/constants.js
FNF:0
FNH:0
DA:1,6
LF:1
LH:1
BRF:0
BRH:0
end_of_record
TN:
SF:src/config/index.js
FNF:0
FNH:0
DA:1,5
DA:3,5
LF:2
LH:2
BRDA:5,0,0,5
BRDA:5,0,1,0
BRDA:6,1,0,5
BRDA:6,1,1,0
BRF:4
BRH:2
end_of_record
TN:
SF:src/controller/plagiarismController.js
FN:8,(anonymous_0)
FN:14,(anonymous_1)
FN:60,(anonymous_2)
FNF:3
FNH:3
FNDA:7,(anonymous_0)
FNDA:17,(anonymous_1)
FNDA:4,(anonymous_2)
DA:1,3
DA:2,3
DA:3,3
DA:4,3
DA:5,3
DA:9,7
DA:10,7
DA:11,7
DA:15,17
DA:17,17
DA:18,3
DA:21,3
DA:22,1
DA:25,1
DA:26,1
DA:31,1
DA:32,1
DA:42,1
DA:44,1
DA:49,1
DA:52,15
DA:56,15
DA:61,4
DA:62,2
DA:64,2
DA:65,2
DA:69,3
LF:27
LH:27
BRDA:31,0,0,1
BRDA:31,0,1,0
BRDA:61,1,0,2
BRDA:61,1,1,2
BRDA:61,2,0,4
BRDA:61,2,1,3
BRF:6
BRH:5
end_of_record
TN:
SF:src/models/PlagiarismReport.js
FN:2,(anonymous_0)
FN:9,(anonymous_1)
FNF:2
FNH:1
FNDA:1,(anonymous_0)
FNDA:0,(anonymous_1)
DA:3,1
DA:4,1
DA:5,1
DA:6,1
DA:10,0
DA:19,3
LF:6
LH:5
BRF:0
BRH:0
end_of_record
TN:
SF:src/services/searchService.js
FN:7,(anonymous_0)
FN:12,(anonymous_1)
FNF:2
FNH:2
FNDA:5,(anonymous_0)
FNDA:4,(anonymous_1)
DA:1,4
DA:2,4
DA:3,4
DA:4,4
DA:8,5
DA:9,5
DA:13,4
DA:14,4
DA:16,4
DA:29,1
DA:33,1
DA:35,2
DA:39,2
DA:44,4
LF:14
LH:14
BRF:0
BRH:0
end_of_record
TN:
SF:src/services/textService.js
FN:6,(anonymous_0)
FN:10,(anonymous_1)
FN:18,(anonymous_2)
FN:61,(anonymous_3)
FNF:4
FNH:4
FNDA:12,(anonymous_0)
FNDA:6,(anonymous_1)
FNDA:122,(anonymous_2)
FNDA:18,(anonymous_3)
DA:1,4
DA:2,4
DA:3,4
DA:7,12
DA:11,6
DA:13,6
DA:14,6
DA:17,6
DA:18,122
DA:21,6
DA:22,105
DA:24,6
DA:25,122
DA:29,6
DA:30,116
DA:31,2069
DA:32,2069
DA:41,6
DA:42,6
DA:43,6
DA:45,6
DA:51,6
DA:53,0
DA:57,0
DA:62,18
DA:63,1
DA:66,17
DA:67,14
DA:70,3
DA:74,4
LF:30
LH:28
BRDA:31,0,0,257
BRDA:31,0,1,1812
BRDA:62,1,0,1
BRDA:62,1,1,17
BRDA:62,2,0,18
BRDA:62,2,1,17
BRDA:66,3,0,14
BRDA:66,3,1,3
BRF:8
BRH:8
end_of_record
TN:
SF:src/utils/textNormalizer.js
FN:2,(anonymous_0)
FNF:1
FNH:1
FNDA:12,(anonymous_0)
DA:3,12
DA:11,4
LF:2
LH:2
BRF:0
BRH:0
end_of_record
